This is pdfeTeX, Version 3.141592-1.30.6-2.2 (MiKTeX 2.5) (preloaded format=pdflatex 2007.5.2)  2 MAY 2007 12:50
entering extended mode
**D:/fastMatrix/fastMatrix.tex
(D:\fastMatrix\fastMatrix.tex
LaTeX2e <2005/12/01>
Babel <v3.8g> and hyphenation patterns for english, dumylang, nohyphenation, ge
rman, ngerman, french, loaded.
("C:\Program Files\MiKTeX 2.5\tex\latex\base\article.cls"
Document Class: article 2005/09/16 v1.4f Standard LaTeX document class
("C:\Program Files\MiKTeX 2.5\tex\latex\base\size10.clo"
File: size10.clo 2005/09/16 v1.4f Standard LaTeX file (size option)
)
\c@part=\count79
\c@section=\count80
\c@subsection=\count81
\c@subsubsection=\count82
\c@paragraph=\count83
\c@subparagraph=\count84
\c@figure=\count85
\c@table=\count86
\abovecaptionskip=\skip41
\belowcaptionskip=\skip42
\bibindent=\dimen102
)
("C:\Program Files\MiKTeX 2.5\tex\latex\amsmath\amsmath.sty"
Package: amsmath 2000/07/18 v2.13 AMS math features
\@mathmargin=\skip43

For additional information on amsmath, use the `?' option.
("C:\Program Files\MiKTeX 2.5\tex\latex\amsmath\amstext.sty"
Package: amstext 2000/06/29 v2.01

("C:\Program Files\MiKTeX 2.5\tex\latex\amsmath\amsgen.sty"
File: amsgen.sty 1999/11/30 v2.0
\@emptytoks=\toks14
\ex@=\dimen103
))
("C:\Program Files\MiKTeX 2.5\tex\latex\amsmath\amsbsy.sty"
Package: amsbsy 1999/11/29 v1.2d
\pmbraise@=\dimen104
)
("C:\Program Files\MiKTeX 2.5\tex\latex\amsmath\amsopn.sty"
Package: amsopn 1999/12/14 v2.01 operator names
)
\inf@bad=\count87
LaTeX Info: Redefining \frac on input line 211.
\uproot@=\count88
\leftroot@=\count89
LaTeX Info: Redefining \overline on input line 307.
\classnum@=\count90
\DOTSCASE@=\count91
LaTeX Info: Redefining \ldots on input line 379.
LaTeX Info: Redefining \dots on input line 382.
LaTeX Info: Redefining \cdots on input line 467.
\Mathstrutbox@=\box26
\strutbox@=\box27
\big@size=\dimen105
LaTeX Font Info:    Redeclaring font encoding OML on input line 567.
LaTeX Font Info:    Redeclaring font encoding OMS on input line 568.
\macc@depth=\count92
\c@MaxMatrixCols=\count93
\dotsspace@=\muskip10
\c@parentequation=\count94
\dspbrk@lvl=\count95
\tag@help=\toks15
\row@=\count96
\column@=\count97
\maxfields@=\count98
\andhelp@=\toks16
\eqnshift@=\dimen106
\alignsep@=\dimen107
\tagshift@=\dimen108
\tagwidth@=\dimen109
\totwidth@=\dimen110
\lineht@=\dimen111
\@envbody=\toks17
\multlinegap=\skip44
\multlinetaggap=\skip45
\mathdisplay@stack=\toks18
LaTeX Info: Redefining \[ on input line 2666.
LaTeX Info: Redefining \] on input line 2667.
)
("C:\Program Files\MiKTeX 2.5\tex\latex\amsfonts\amssymb.sty"
Package: amssymb 2002/01/22 v2.2d

("C:\Program Files\MiKTeX 2.5\tex\latex\amsfonts\amsfonts.sty"
Package: amsfonts 2001/10/25 v2.2f
\symAMSa=\mathgroup4
\symAMSb=\mathgroup5
LaTeX Font Info:    Overwriting math alphabet `\mathfrak' in version `bold'
(Font)                  U/euf/m/n --> U/euf/b/n on input line 132.
))
("C:\Program Files\MiKTeX 2.5\tex\latex\amscls\amsthm.sty"
Package: amsthm 2004/08/06 v2.20
\thm@style=\toks19
\thm@bodyfont=\toks20
\thm@headfont=\toks21
\thm@notefont=\toks22
\thm@headpunct=\toks23
\thm@preskip=\skip46
\thm@postskip=\skip47
\thm@headsep=\skip48
\dth@everypar=\toks24
)
("C:\Program Files\MiKTeX 2.5\tex\latex\graphics\graphicx.sty"
Package: graphicx 1999/02/16 v1.0f Enhanced LaTeX Graphics (DPC,SPQR)

("C:\Program Files\MiKTeX 2.5\tex\latex\graphics\keyval.sty"
Package: keyval 1999/03/16 v1.13 key=value parser (DPC)
\KV@toks@=\toks25
)
("C:\Program Files\MiKTeX 2.5\tex\latex\graphics\graphics.sty"
Package: graphics 2006/02/20 v1.0o Standard LaTeX Graphics (DPC,SPQR)

("C:\Program Files\MiKTeX 2.5\tex\latex\graphics\trig.sty"
Package: trig 1999/03/16 v1.09 sin cos tan (DPC)
)
("C:\Program Files\MiKTeX 2.5\tex\latex\00miktex\graphics.cfg"
File: graphics.cfg 2005/12/29 v1.2 MiKTeX 'graphics' configuration
)
Package graphics Info: Driver file: pdftex.def on input line 90.

("C:\Program Files\MiKTeX 2.5\tex\latex\graphics\pdftex.def"
File: pdftex.def 2006/08/14 v0.03t Graphics/color for pdfTeX
\Gread@gobject=\count99
))
\Gin@req@height=\dimen112
\Gin@req@width=\dimen113
)
("C:\Program Files\MiKTeX 2.5\tex\latex\hyperref\hyperref.sty"
Package: hyperref 2006/09/06 v6.75e Hypertext links for LaTeX
\@linkdim=\dimen114
\Hy@linkcounter=\count100
\Hy@pagecounter=\count101

("C:\Program Files\MiKTeX 2.5\tex\latex\hyperref\pd1enc.def"
File: pd1enc.def 2006/09/06 v6.75e Hyperref: PDFDocEncoding definition (HO)
)
("C:\Program Files\MiKTeX 2.5\tex\latex\00miktex\hyperref.cfg"
File: hyperref.cfg 2006/02/14 v1.1 MiKTeX 'hyperref' configuration
)
("C:\Program Files\MiKTeX 2.5\tex\latex\oberdiek\kvoptions.sty"
Package: kvoptions 2006/08/22 v2.4 Connects package keyval with LaTeX options (
HO)
)
Package hyperref Info: Hyper figures OFF on input line 2123.
Package hyperref Info: Link nesting OFF on input line 2128.
Package hyperref Info: Hyper index ON on input line 2131.
Package hyperref Info: Plain pages OFF on input line 2138.
Package hyperref Info: Backreferencing OFF on input line 2143.

Implicit mode ON; LaTeX internals redefined
Package hyperref Info: Bookmarks ON on input line 2273.
("C:\Program Files\MiKTeX 2.5\tex\latex\ltxmisc\url.sty"
\Urlmuskip=\muskip11
Package: url 2005/06/27  ver 3.2  Verb mode for urls, etc.
)
LaTeX Info: Redefining \url on input line 2428.
\Fld@menulength=\count102
\Field@Width=\dimen115
\Fld@charsize=\dimen116
\Choice@toks=\toks26
\Field@toks=\toks27
Package hyperref Info: Hyper figures OFF on input line 2906.
Package hyperref Info: Link nesting OFF on input line 2911.
Package hyperref Info: Hyper index ON on input line 2914.
Package hyperref Info: backreferencing OFF on input line 2921.
Package hyperref Info: Link coloring OFF on input line 2926.
\Hy@abspage=\count103
\c@Item=\count104
\c@Hfootnote=\count105
)
*hyperref using default driver hpdftex*
("C:\Program Files\MiKTeX 2.5\tex\latex\hyperref\hpdftex.def"
File: hpdftex.def 2006/09/06 v6.75e Hyperref driver for pdfTeX
\Fld@listcount=\count106
)
\@indexfile=\write3

Writing index file fastMatrix.idx

LaTeX Warning: Unused global option(s):
    [fullpage].

(fastMatrix.aux)
LaTeX Font Info:    Checking defaults for OML/cmm/m/it on input line 11.
LaTeX Font Info:    ... okay on input line 11.
LaTeX Font Info:    Checking defaults for T1/cmr/m/n on input line 11.
LaTeX Font Info:    ... okay on input line 11.
LaTeX Font Info:    Checking defaults for OT1/cmr/m/n on input line 11.
LaTeX Font Info:    ... okay on input line 11.
LaTeX Font Info:    Checking defaults for OMS/cmsy/m/n on input line 11.
LaTeX Font Info:    ... okay on input line 11.
LaTeX Font Info:    Checking defaults for OMX/cmex/m/n on input line 11.
LaTeX Font Info:    ... okay on input line 11.
LaTeX Font Info:    Checking defaults for U/cmr/m/n on input line 11.
LaTeX Font Info:    ... okay on input line 11.
LaTeX Font Info:    Checking defaults for PD1/pdf/m/n on input line 11.
LaTeX Font Info:    ... okay on input line 11.
 ("C:\Program Files\MiKTeX 2.5\tex\context\base\supp-pdf.tex"
("C:\Program Files\MiKTeX 2.5\tex\context\base\supp-mis.tex"
loading : Context Support Macros / Miscellaneous (2004.10.26)
\protectiondepth=\count107
\scratchcounter=\count108
\scratchtoks=\toks28
\scratchdimen=\dimen117
\scratchskip=\skip49
\scratchmuskip=\muskip12
\scratchbox=\box28
\scratchread=\read1
\scratchwrite=\write4
\zeropoint=\dimen118
\onepoint=\dimen119
\onebasepoint=\dimen120
\minusone=\count109
\thousandpoint=\dimen121
\onerealpoint=\dimen122
\emptytoks=\toks29
\nextbox=\box29
\nextdepth=\dimen123
\everyline=\toks30
\!!counta=\count110
\!!countb=\count111
\recursecounter=\count112
)
loading : Context Support Macros / PDF (2004.03.26)
\nofMPsegments=\count113
\nofMParguments=\count114
\MPscratchCnt=\count115
\MPscratchDim=\dimen124
\MPnumerator=\count116
\everyMPtoPDFconversion=\toks31
)
Package hyperref Info: Link coloring OFF on input line 11.
 ("C:\Program Files\MiKTeX 2.5\tex\latex\hyperref\nameref.sty"
Package: nameref 2006/08/15 v2.26 Cross-referencing by name of section

("C:\Program Files\MiKTeX 2.5\tex\latex\oberdiek\refcount.sty"
Package: refcount 2006/02/20 v3.0 Data extraction from references (HO)
)
\c@section@level=\count117
)
LaTeX Info: Redefining \ref on input line 11.
LaTeX Info: Redefining \pageref on input line 11.

(fastMatrix.out) (fastMatrix.out)
\@outlinefile=\write5
LaTeX Font Info:    Try loading font information for U+msa on input line 13.

("C:\Program Files\MiKTeX 2.5\tex\latex\amsfonts\umsa.fd"
File: umsa.fd 2002/01/19 v2.2g AMS font definitions
)
LaTeX Font Info:    Try loading font information for U+msb on input line 13.

("C:\Program Files\MiKTeX 2.5\tex\latex\amsfonts\umsb.fd"
File: umsb.fd 2002/01/19 v2.2g AMS font definitions
)

LaTeX Warning: No \author given.


Overfull \hbox (4.33392pt too wide) in paragraph at lines 15--22
\OT1/cmr/m/n/10 The Fast-Ma-trix class is a math-oriented tem-plate C++ class f
or stor-ing arbitrary-
 []

[1

{psfonts.map}]
Overfull \hbox (15.25076pt too wide) in paragraph at lines 51--54
\OT1/cmr/m/n/10 re-flec-tions, ar-ray con-struc-tor for build-ing block-diagona
l and block-tridiagonal
 []

[2]
Overfull \hbox (116.99597pt too wide) in paragraph at lines 102--102
[] \OT1/cmtt/m/n/10 matrix B = L*U;          //use this to check our result is 
valid (only for nonsingular)[] 
 []

[3]
Overfull \hbox (11.99689pt too wide) in paragraph at lines 142--142
[] \OT1/cmtt/m/n/10 bench bm("LU-Decomposition operations only"); //title our b
enchmark[] 
 []


Overfull \hbox (64.49643pt too wide) in paragraph at lines 142--142
[] \OT1/cmtt/m/n/10 L*=U;          //use this to check our result is valid (onl
y for nonsingular)[] 
 []

[4]
Overfull \hbox (38.24666pt too wide) in paragraph at lines 178--178
[] \OT1/cmtt/m/n/10 cout << " (1) Demonstration of QR via Gram-Schmidt orthogon
alization\n";[] 
 []


Overfull \hbox (64.49643pt too wide) in paragraph at lines 178--178
[] \OT1/cmtt/m/n/10 cout << "=Q:===============================================
==============\n";[] 
 []


Overfull \hbox (6.74693pt too wide) in paragraph at lines 178--178
[] \OT1/cmtt/m/n/10 if (Q.isOrthogonal()) cout << "ORTHONORMAL CONDITION SATISF
IED\n";[] 
 []


Overfull \hbox (64.49643pt too wide) in paragraph at lines 178--178
[] \OT1/cmtt/m/n/10 cout << "=R:===============================================
==============\n";[] 
 []


Overfull \hbox (64.49643pt too wide) in paragraph at lines 178--178
[] \OT1/cmtt/m/n/10 cout << "=QR:==============================================
==============\n";[] 
 []

[5]
Underfull \hbox (badness 10000) in paragraph at lines 189--190

 []


Underfull \hbox (badness 10000) in paragraph at lines 193--194

 []


Underfull \hbox (badness 10000) in paragraph at lines 197--198

 []

[6]
Overfull \hbox (17.24684pt too wide) in paragraph at lines 247--247
[]      \OT1/cmtt/m/n/10 fmVANDERMONDE, fmORTHOGONAL, fmRANDOM, fmZERO, fmSKEWS
YMMETRIC,[] 
 []


Overfull \hbox (43.49661pt too wide) in paragraph at lines 251--251
[]   \OT1/cmtt/m/n/10 fastMatrix(int numMatrices, fastMatrix<number_type> * arr
ay_of_matrix);[] 
 []

[7]
Overfull \hbox (22.4968pt too wide) in paragraph at lines 299--299
[]   \OT1/cmtt/m/n/10 fastMatrix<number_type> & lower(); //just the lower trian
gular part[] 
 []


Overfull \hbox (22.4968pt too wide) in paragraph at lines 299--299
[]   \OT1/cmtt/m/n/10 fastMatrix<number_type> & upper(); //just the upper trian
gular part[] 
 []

[8] [9] [10] [11]
Overfull \hbox (6.74693pt too wide) in paragraph at lines 474--474
[]   \OT1/cmtt/m/n/10 void operator/=(number_type s); //division, ie scaling of
 vector[] 
 []

[12]
<./test_results/LU_decomp_np_vs_MATLAB.png, id=191, 722.7pt x 553.06625pt>
File: ./test_results/LU_decomp_np_vs_MATLAB.png Graphic file (type png)

<use ./test_results/LU_decomp_np_vs_MATLAB.png>
Overfull \hbox (16.3491pt too wide) in paragraph at lines 540--541
[] 
 []

[13 <D:/fastMatrix/test_results/LU_decomp_np_vs_MATLAB.png (PNG copy)>]
[14] <./test_results/naive_gramschmidt.png, id=201, 685.56125pt x 607.26875pt>
File: ./test_results/naive_gramschmidt.png Graphic file (type png)

<use ./test_results/naive_gramschmidt.png> [15 <D:/fastMatrix/test_results/naiv
e_gramschmidt.png (PNG copy)>]
<./test_results/naive_householder.png, id=206, 685.56125pt x 607.26875pt>
File: ./test_results/naive_householder.png Graphic file (type png)

<use ./test_results/naive_householder.png>
Overfull \hbox (12.77979pt too wide) in paragraph at lines 560--561
[][] 
 []

[16 <D:/fastMatrix/test_results/naive_householder.png (PNG copy)>]
<./test_results/dft1.png, id=211, 562.1pt x 421.575pt>
File: ./test_results/dft1.png Graphic file (type png)

<use ./test_results/dft1.png> [17 <D:/fastMatrix/test_results/dft1.png (PNG cop
y)>] <./test_results/fft1.png, id=216, 560.0925pt x 422.57875pt>
File: ./test_results/fft1.png Graphic file (type png)

<use ./test_results/fft1.png> [18 <D:/fastMatrix/test_results/fft1.png (PNG cop
y)>] (fastMatrix.aux) ) 
Here is how much of TeX's memory you used:
 3883 strings out of 95419
 48810 string characters out of 1187299
 102593 words of memory out of 1103733
 6853 multiletter control sequences out of 60000
 11372 words of font info for 45 fonts, out of 1000000 for 2000
 14 hyphenation exceptions out of 8191
 27i,7n,36p,284b,436s stack positions out of 5000i,500n,10000p,200000b,32768s
PDF statistics:
 220 PDF objects out of 300000
 45 named destinations out of 300000
 250 words of extra memory for PDF output out of 10000
<C:/Program Files/MiKTeX 2.5/fonts/type1/bluesky/cm/cmmi
7.pfb><C:/Program Files/MiKTeX 2.5/fonts/type1/bluesky/cm/cmr7.pfb><C:/Program 
Files/MiKTeX 2.5/fonts/type1/bluesky/cm/cmex10.pfb><C:/Program Files/MiKTeX 2.5
/fonts/type1/bluesky/cm/cmtt10.pfb><C:/Program Files/MiKTeX 2.5/fonts/type1/blu
esky/cm/cmsy10.pfb><C:/Program Files/MiKTeX 2.5/fonts/type1/bluesky/cm/cmmi10.p
fb><C:/Program Files/MiKTeX 2.5/fonts/type1/bluesky/cm/cmr10.pfb><C:/Program Fi
les/MiKTeX 2.5/fonts/type1/bluesky/cm/cmbx12.pfb><C:/Program Files/MiKTeX 2.5/f
onts/type1/bluesky/cm/cmr12.pfb><C:/Program Files/MiKTeX 2.5/fonts/type1/bluesk
y/cm/cmr17.pfb>
Output written on fastMatrix.pdf (18 pages, 160074 bytes).
